<?xml version="1.0" encoding="UTF-8"?>
<coverage generated="1675362913869" clover="3.2.0">
  <project timestamp="1675362913869" name="All files">
    <metrics statements="8" coveredstatements="6" conditionals="8" coveredconditionals="4" methods="3" coveredmethods="1" elements="19" coveredelements="11" complexity="0" loc="8" ncloc="8" packages="1" files="1" classes="1"/>
    <file name="nomeando.tsx" path="/home/denneraugusto/Documentos/GitHub/truco-points/truco-points/components/nomeando.tsx">
      <metrics statements="8" coveredstatements="6" conditionals="8" coveredconditionals="4" methods="3" coveredmethods="1"/>
      <line num="12" count="1" type="stmt"/>
      <line num="13" count="1" type="stmt"/>
      <line num="15" count="1" type="stmt"/>
      <line num="20" count="1" type="stmt"/>
      <line num="25" count="1" type="stmt"/>
      <line num="28" count="0" type="stmt"/>
      <line num="32" count="0" type="stmt"/>
      <line num="39" count="1" type="stmt"/>
    </file>
  </project>
</coverage>
