{"/home/denneraugusto/Documentos/GitHub/truco-points/truco-points/components/nomeando.tsx": {"path":"/home/denneraugusto/Documentos/GitHub/truco-points/truco-points/components/nomeando.tsx","statementMap":{"0":{"start":{"line":12,"column":61},"end":{"line":12,"column":80}},"1":{"start":{"line":13,"column":61},"end":{"line":13,"column":80}},"2":{"start":{"line":15,"column":27},"end":{"line":18,"column":5}},"3":{"start":{"line":20,"column":34},"end":{"line":23,"column":5}},"4":{"start":{"line":25,"column":4},"end":{"line":36,"column":5}},"5":{"start":{"line":28,"column":101},"end":{"line":28,"column":136}},"6":{"start":{"line":32,"column":101},"end":{"line":32,"column":136}},"7":{"start":{"line":39,"column":15},"end":{"line":59,"column":2}}},"fnMap":{"0":{"name":"Nomeando","decl":{"start":{"line":10,"column":16},"end":{"line":10,"column":24}},"loc":{"start":{"line":10,"column":48},"end":{"line":37,"column":1}},"line":10},"1":{"name":"(anonymous_1)","decl":{"start":{"line":28,"column":90},"end":{"line":28,"column":91}},"loc":{"start":{"line":28,"column":101},"end":{"line":28,"column":136}},"line":28},"2":{"name":"(anonymous_2)","decl":{"start":{"line":32,"column":90},"end":{"line":32,"column":91}},"loc":{"start":{"line":32,"column":101},"end":{"line":32,"column":136}},"line":32}},"branchMap":{"0":{"loc":{"start":{"line":16,"column":16},"end":{"line":16,"column":46}},"type":"cond-expr","locations":[{"start":{"line":16,"column":27},"end":{"line":16,"column":35}},{"start":{"line":16,"column":38},"end":{"line":16,"column":46}}],"line":16},"1":{"loc":{"start":{"line":17,"column":16},"end":{"line":17,"column":46}},"type":"cond-expr","locations":[{"start":{"line":17,"column":27},"end":{"line":17,"column":35}},{"start":{"line":17,"column":38},"end":{"line":17,"column":46}}],"line":17},"2":{"loc":{"start":{"line":21,"column":16},"end":{"line":21,"column":52}},"type":"cond-expr","locations":[{"start":{"line":21,"column":27},"end":{"line":21,"column":38}},{"start":{"line":21,"column":41},"end":{"line":21,"column":52}}],"line":21},"3":{"loc":{"start":{"line":22,"column":16},"end":{"line":22,"column":52}},"type":"cond-expr","locations":[{"start":{"line":22,"column":27},"end":{"line":22,"column":38}},{"start":{"line":22,"column":41},"end":{"line":22,"column":52}}],"line":22}},"s":{"0":1,"1":1,"2":1,"3":1,"4":1,"5":0,"6":0,"7":1},"f":{"0":1,"1":0,"2":0},"b":{"0":[0,1],"1":[0,1],"2":[0,1],"3":[0,1]},"_coverageSchema":"1a1c01bbd47fc00a2c39e90264f33305004495a9","hash":"9bd5817a009dffc678440d554964738eaa723959"}
}
